<?xml version="1.0" encoding="UTF-8"?>
<!-- Generated by org.testng.reporters.JUnitReportReporter -->
<testsuite skipped="0" hostname="DESKTOP-TBB3A0B" name="test.AminaPezTest" tests="5" failures="0" timestamp="2020-07-20T01:04:27 CEST" time="3.963" errors="0">
  <testcase name="ClickHideButton" time="0.642" classname="test.AminaPezTest"/>
  <system-out/>
  <testcase name="IsCheckboxDisabled" time="0.585" classname="test.AminaPezTest"/>
  <system-out/>
  <testcase name="GetAllCheckbox" time="1.367" classname="test.AminaPezTest"/>
  <system-out/>
  <testcase name="RadioButtonSelected" time="0.620" classname="test.AminaPezTest"/>
  <system-out/>
  <testcase name="ClickPromptboxButton" time="0.749" classname="test.AminaPezTest"/>
  <system-out/>
</testsuite> <!-- test.AminaPezTest -->
